{"contracts/CrowdFund.sol":{"l":{"58":5,"59":5,"63":5,"64":0,"65":5,"69":26,"70":26,"71":22,"75":27,"76":27,"77":2,"78":25,"119":126,"120":126,"121":126,"122":126,"133":38,"134":38,"136":36,"138":36,"139":36,"140":36,"141":36,"142":36,"143":36,"144":36,"145":36,"146":36,"147":36,"148":36,"150":36,"152":36,"154":36,"156":36,"164":36,"170":19,"171":19,"173":19,"175":19,"176":19,"177":19,"179":19,"181":19,"182":5,"184":14,"191":6,"193":6,"195":6,"197":6,"198":2,"201":6,"207":5,"209":5,"214":4,"216":4,"218":4,"220":4,"224":6,"226":6,"232":6,"234":6,"236":6,"238":6,"246":5,"248":5,"249":2,"251":3,"252":3,"253":3,"255":3,"259":0,"263":5,"267":0,"273":0,"277":0,"279":0,"280":0,"282":0,"284":0,"288":2,"292":1,"296":1,"300":1,"306":10,"310":0,"314":1,"318":1,"320":1,"324":0,"325":0,"327":0,"329":0,"330":0,"332":0,"334":0,"342":0,"344":0,"346":0,"357":0,"358":0,"362":5,"366":0,"367":0,"368":0,"370":0,"374":5,"375":5,"376":5,"377":5,"378":5,"384":8,"386":8,"392":8,"393":7,"396":8,"400":15,"401":15,"405":4,"407":4,"408":0,"410":4,"411":4,"412":4,"414":4,"415":4,"417":4},"path":"/Volumes/extreme/Projects/Solidity/Portfolio/CrowdFunding/source/hardhat/contracts/CrowdFund.sol","s":{"1":5,"2":5,"3":26,"4":26,"5":27,"6":27,"7":38,"8":38,"9":36,"10":36,"11":36,"12":19,"13":19,"14":19,"15":19,"16":19,"17":19,"18":19,"19":6,"20":6,"21":6,"22":2,"23":6,"24":5,"25":5,"26":4,"27":4,"28":4,"29":6,"30":6,"31":6,"32":6,"33":6,"34":5,"35":5,"36":3,"37":0,"38":0,"39":0,"40":0,"41":0,"42":0,"43":2,"44":1,"45":1,"46":1,"47":10,"48":0,"49":1,"50":1,"51":1,"52":0,"53":0,"54":0,"55":0,"56":0,"57":0,"58":0,"59":5,"60":0,"61":0,"62":0,"63":0,"64":5,"65":5,"66":5,"67":5,"68":8,"69":8,"70":8,"71":7,"72":15,"73":15,"74":4,"75":4,"76":4,"77":4,"78":4,"79":4,"80":4,"81":4},"b":{"1":[0,5],"2":[0,5],"3":[4,22],"4":[2,25],"5":[0,38],"6":[2,36],"7":[19,2],"8":[0,19],"9":[5,14],"10":[6,2],"11":[6,0],"12":[0,6],"13":[2,4],"14":[5,0],"15":[1,4],"16":[0,4],"17":[6,0],"18":[0,6],"19":[0,0],"20":[0,0],"21":[0,6],"22":[5,2],"23":[2,3],"24":[0,0],"25":[5,0],"26":[0,0],"27":[0,0],"28":[0,0],"29":[0,0],"30":[0,0],"31":[0,0],"32":[5,0],"33":[5,0],"34":[0,8],"35":[15,0],"36":[0,4]},"f":{"1":5,"2":5,"3":26,"4":27,"5":126,"6":38,"7":19,"8":6,"9":5,"10":6,"11":5,"12":0,"13":5,"14":0,"15":0,"16":0,"17":2,"18":1,"19":1,"20":1,"21":10,"22":0,"23":1,"24":1,"25":0,"26":0,"27":0,"28":5,"29":0,"30":5,"31":8,"32":15,"33":4},"fnMap":{"1":{"name":"onlyOwner","line":57,"loc":{"start":{"line":57,"column":4},"end":{"line":60,"column":4}}},"2":{"name":"onlyAuthorizedExecutor","line":62,"loc":{"start":{"line":62,"column":4},"end":{"line":66,"column":4}}},"3":{"name":"onlyCampaignOwner","line":68,"loc":{"start":{"line":68,"column":4},"end":{"line":72,"column":4}}},"4":{"name":"onlyOpenCampaign","line":74,"loc":{"start":{"line":74,"column":4},"end":{"line":79,"column":4}}},"5":{"name":"constructor","line":114,"loc":{"start":{"line":114,"column":4},"end":{"line":123,"column":4}}},"6":{"name":"createCampaign","line":125,"loc":{"start":{"line":125,"column":4},"end":{"line":165,"column":4}}},"7":{"name":"donateToCampaign","line":169,"loc":{"start":{"line":167,"column":4},"end":{"line":186,"column":4}}},"8":{"name":"cancelCampaign","line":190,"loc":{"start":{"line":188,"column":4},"end":{"line":202,"column":4}}},"9":{"name":"withdrawCampaign","line":206,"loc":{"start":{"line":204,"column":4},"end":{"line":221,"column":4}}},"10":{"name":"refundCampaign","line":223,"loc":{"start":{"line":223,"column":4},"end":{"line":239,"column":4}}},"11":{"name":"updateCampaign","line":245,"loc":{"start":{"line":241,"column":4},"end":{"line":256,"column":4}}},"12":{"name":"setFee","line":258,"loc":{"start":{"line":258,"column":4},"end":{"line":260,"column":4}}},"13":{"name":"setAuthorizedExecutor","line":262,"loc":{"start":{"line":262,"column":4},"end":{"line":264,"column":4}}},"14":{"name":"withdrawFromContract","line":266,"loc":{"start":{"line":266,"column":4},"end":{"line":268,"column":4}}},"15":{"name":"getDonators","line":270,"loc":{"start":{"line":270,"column":4},"end":{"line":274,"column":4}}},"16":{"name":"getCampaigns","line":276,"loc":{"start":{"line":276,"column":4},"end":{"line":285,"column":4}}},"17":{"name":"getCampaign","line":287,"loc":{"start":{"line":287,"column":4},"end":{"line":289,"column":4}}},"18":{"name":"getFeeAccount","line":291,"loc":{"start":{"line":291,"column":4},"end":{"line":293,"column":4}}},"19":{"name":"getFeePercent","line":295,"loc":{"start":{"line":295,"column":4},"end":{"line":297,"column":4}}},"20":{"name":"getPriceFeed","line":299,"loc":{"start":{"line":299,"column":4},"end":{"line":301,"column":4}}},"21":{"name":"getStatus","line":303,"loc":{"start":{"line":303,"column":4},"end":{"line":307,"column":4}}},"22":{"name":"getBalance","line":309,"loc":{"start":{"line":309,"column":4},"end":{"line":311,"column":4}}},"23":{"name":"getContractBalance","line":313,"loc":{"start":{"line":313,"column":4},"end":{"line":315,"column":4}}},"24":{"name":"getRefundStatus","line":317,"loc":{"start":{"line":317,"column":4},"end":{"line":321,"column":4}}},"25":{"name":"getRemainingTime","line":323,"loc":{"start":{"line":323,"column":4},"end":{"line":335,"column":4}}},"26":{"name":"setCampaignStatus","line":341,"loc":{"start":{"line":338,"column":4},"end":{"line":347,"column":4}}},"27":{"name":"checkUpkeep","line":349,"loc":{"start":{"line":349,"column":4},"end":{"line":359,"column":4}}},"28":{"name":"performUpkeep","line":361,"loc":{"start":{"line":361,"column":4},"end":{"line":363,"column":4}}},"29":{"name":"_isUpdateCampaignStatusNeeded","line":365,"loc":{"start":{"line":365,"column":4},"end":{"line":371,"column":4}}},"30":{"name":"_updateCampaignStatus","line":373,"loc":{"start":{"line":373,"column":4},"end":{"line":381,"column":4}}},"31":{"name":"_refund","line":383,"loc":{"start":{"line":383,"column":4},"end":{"line":397,"column":4}}},"32":{"name":"_payTo","line":399,"loc":{"start":{"line":399,"column":4},"end":{"line":402,"column":4}}},"33":{"name":"_payOut","line":404,"loc":{"start":{"line":404,"column":4},"end":{"line":418,"column":4}}}},"statementMap":{"1":{"start":{"line":58,"column":8},"end":{"line":58,"column":63}},"2":{"start":{"line":63,"column":8},"end":{"line":63,"column":1546}},"3":{"start":{"line":69,"column":8},"end":{"line":69,"column":52}},"4":{"start":{"line":70,"column":8},"end":{"line":70,"column":70}},"5":{"start":{"line":75,"column":8},"end":{"line":75,"column":52}},"6":{"start":{"line":76,"column":8},"end":{"line":76,"column":1963}},"7":{"start":{"line":133,"column":8},"end":{"line":133,"column":59}},"8":{"start":{"line":134,"column":8},"end":{"line":134,"column":70}},"9":{"start":{"line":136,"column":8},"end":{"line":136,"column":68}},"10":{"start":{"line":156,"column":8},"end":{"line":156,"column":4164}},"11":{"start":{"line":164,"column":8},"end":{"line":164,"column":38}},"12":{"start":{"line":170,"column":8},"end":{"line":170,"column":52}},"13":{"start":{"line":171,"column":8},"end":{"line":171,"column":31}},"14":{"start":{"line":173,"column":8},"end":{"line":173,"column":63}},"15":{"start":{"line":175,"column":8},"end":{"line":175,"column":41}},"16":{"start":{"line":176,"column":8},"end":{"line":176,"column":38}},"17":{"start":{"line":179,"column":8},"end":{"line":179,"column":70}},"18":{"start":{"line":181,"column":8},"end":{"line":181,"column":4830}},"19":{"start":{"line":191,"column":8},"end":{"line":191,"column":52}},"20":{"start":{"line":193,"column":8},"end":{"line":193,"column":70}},"21":{"start":{"line":197,"column":8},"end":{"line":197,"column":5319}},"22":{"start":{"line":198,"column":12},"end":{"line":198,"column":23}},"23":{"start":{"line":201,"column":8},"end":{"line":201,"column":61}},"24":{"start":{"line":207,"column":8},"end":{"line":207,"column":52}},"25":{"start":{"line":209,"column":8},"end":{"line":209,"column":5654}},"26":{"start":{"line":214,"column":8},"end":{"line":214,"column":70}},"27":{"start":{"line":218,"column":8},"end":{"line":218,"column":19}},"28":{"start":{"line":220,"column":8},"end":{"line":220,"column":46}},"29":{"start":{"line":224,"column":8},"end":{"line":224,"column":52}},"30":{"start":{"line":226,"column":8},"end":{"line":226,"column":6144}},"31":{"start":{"line":232,"column":8},"end":{"line":232,"column":78}},"32":{"start":{"line":236,"column":8},"end":{"line":236,"column":19}},"33":{"start":{"line":238,"column":8},"end":{"line":238,"column":48}},"34":{"start":{"line":246,"column":8},"end":{"line":246,"column":52}},"35":{"start":{"line":248,"column":8},"end":{"line":248,"column":6772}},"36":{"start":{"line":255,"column":8},"end":{"line":255,"column":59}},"37":{"start":{"line":267,"column":8},"end":{"line":267,"column":55}},"38":{"start":{"line":273,"column":8},"end":{"line":273,"column":70}},"39":{"start":{"line":277,"column":8},"end":{"line":277,"column":76}},"40":{"start":{"line":279,"column":8},"end":{"line":279,"column":7710}},"41":{"start":{"line":280,"column":12},"end":{"line":280,"column":50}},"42":{"start":{"line":284,"column":8},"end":{"line":284,"column":27}},"43":{"start":{"line":288,"column":8},"end":{"line":288,"column":31}},"44":{"start":{"line":292,"column":8},"end":{"line":292,"column":27}},"45":{"start":{"line":296,"column":8},"end":{"line":296,"column":27}},"46":{"start":{"line":300,"column":8},"end":{"line":300,"column":26}},"47":{"start":{"line":306,"column":8},"end":{"line":306,"column":48}},"48":{"start":{"line":310,"column":8},"end":{"line":310,"column":45}},"49":{"start":{"line":314,"column":8},"end":{"line":314,"column":35}},"50":{"start":{"line":318,"column":8},"end":{"line":318,"column":51}},"51":{"start":{"line":320,"column":8},"end":{"line":320,"column":32}},"52":{"start":{"line":324,"column":8},"end":{"line":324,"column":52}},"53":{"start":{"line":325,"column":8},"end":{"line":325,"column":63}},"54":{"start":{"line":327,"column":8},"end":{"line":327,"column":30}},"55":{"start":{"line":329,"column":8},"end":{"line":329,"column":9098}},"56":{"start":{"line":334,"column":8},"end":{"line":334,"column":28}},"57":{"start":{"line":342,"column":8},"end":{"line":342,"column":52}},"58":{"start":{"line":344,"column":8},"end":{"line":344,"column":63}},"59":{"start":{"line":362,"column":8},"end":{"line":362,"column":30}},"60":{"start":{"line":366,"column":8},"end":{"line":366,"column":68}},"61":{"start":{"line":367,"column":8},"end":{"line":367,"column":10159}},"62":{"start":{"line":368,"column":12},"end":{"line":368,"column":23}},"63":{"start":{"line":370,"column":8},"end":{"line":370,"column":20}},"64":{"start":{"line":374,"column":8},"end":{"line":374,"column":10346}},"65":{"start":{"line":375,"column":12},"end":{"line":375,"column":54}},"66":{"start":{"line":376,"column":12},"end":{"line":376,"column":10467}},"67":{"start":{"line":378,"column":16},"end":{"line":378,"column":75}},"68":{"start":{"line":384,"column":8},"end":{"line":384,"column":52}},"69":{"start":{"line":386,"column":8},"end":{"line":386,"column":10811}},"70":{"start":{"line":392,"column":8},"end":{"line":392,"column":10991}},"71":{"start":{"line":393,"column":12},"end":{"line":393,"column":62}},"72":{"start":{"line":400,"column":8},"end":{"line":400,"column":64}},"73":{"start":{"line":401,"column":8},"end":{"line":401,"column":23}},"74":{"start":{"line":405,"column":8},"end":{"line":405,"column":52}},"75":{"start":{"line":407,"column":8},"end":{"line":407,"column":11457}},"76":{"start":{"line":410,"column":8},"end":{"line":410,"column":51}},"77":{"start":{"line":411,"column":8},"end":{"line":411,"column":53}},"78":{"start":{"line":412,"column":8},"end":{"line":412,"column":42}},"79":{"start":{"line":414,"column":8},"end":{"line":414,"column":40}},"80":{"start":{"line":415,"column":8},"end":{"line":415,"column":32}},"81":{"start":{"line":417,"column":8},"end":{"line":417,"column":73}}},"branchMap":{"1":{"line":58,"type":"if","locations":[{"start":{"line":58,"column":8},"end":{"line":58,"column":8}},{"start":{"line":58,"column":8},"end":{"line":58,"column":8}}]},"2":{"line":63,"type":"if","locations":[{"start":{"line":63,"column":8},"end":{"line":63,"column":8}},{"start":{"line":63,"column":8},"end":{"line":63,"column":8}}]},"3":{"line":70,"type":"if","locations":[{"start":{"line":70,"column":8},"end":{"line":70,"column":8}},{"start":{"line":70,"column":8},"end":{"line":70,"column":8}}]},"4":{"line":76,"type":"if","locations":[{"start":{"line":76,"column":8},"end":{"line":76,"column":8}},{"start":{"line":76,"column":8},"end":{"line":76,"column":8}}]},"5":{"line":133,"type":"if","locations":[{"start":{"line":133,"column":8},"end":{"line":133,"column":8}},{"start":{"line":133,"column":8},"end":{"line":133,"column":8}}]},"6":{"line":134,"type":"if","locations":[{"start":{"line":134,"column":8},"end":{"line":134,"column":8}},{"start":{"line":134,"column":8},"end":{"line":134,"column":8}}]},"7":{"line":169,"type":"if","locations":[{"start":{"line":169,"column":23},"end":{"line":169,"column":23}},{"start":{"line":169,"column":23},"end":{"line":169,"column":23}}]},"8":{"line":173,"type":"if","locations":[{"start":{"line":173,"column":8},"end":{"line":173,"column":8}},{"start":{"line":173,"column":8},"end":{"line":173,"column":8}}]},"9":{"line":181,"type":"if","locations":[{"start":{"line":181,"column":8},"end":{"line":181,"column":8}},{"start":{"line":181,"column":8},"end":{"line":181,"column":8}}]},"10":{"line":190,"type":"if","locations":[{"start":{"line":190,"column":15},"end":{"line":190,"column":15}},{"start":{"line":190,"column":15},"end":{"line":190,"column":15}}]},"11":{"line":190,"type":"if","locations":[{"start":{"line":190,"column":38},"end":{"line":190,"column":38}},{"start":{"line":190,"column":38},"end":{"line":190,"column":38}}]},"12":{"line":193,"type":"if","locations":[{"start":{"line":193,"column":8},"end":{"line":193,"column":8}},{"start":{"line":193,"column":8},"end":{"line":193,"column":8}}]},"13":{"line":197,"type":"if","locations":[{"start":{"line":197,"column":8},"end":{"line":197,"column":8}},{"start":{"line":197,"column":8},"end":{"line":197,"column":8}}]},"14":{"line":206,"type":"if","locations":[{"start":{"line":206,"column":23},"end":{"line":206,"column":23}},{"start":{"line":206,"column":23},"end":{"line":206,"column":23}}]},"15":{"line":209,"type":"if","locations":[{"start":{"line":209,"column":8},"end":{"line":209,"column":8}},{"start":{"line":209,"column":8},"end":{"line":209,"column":8}}]},"16":{"line":214,"type":"if","locations":[{"start":{"line":214,"column":8},"end":{"line":214,"column":8}},{"start":{"line":214,"column":8},"end":{"line":214,"column":8}}]},"17":{"line":223,"type":"if","locations":[{"start":{"line":223,"column":47},"end":{"line":223,"column":47}},{"start":{"line":223,"column":47},"end":{"line":223,"column":47}}]},"18":{"line":226,"type":"if","locations":[{"start":{"line":226,"column":8},"end":{"line":226,"column":8}},{"start":{"line":226,"column":8},"end":{"line":226,"column":8}}]},"19":{"line":227,"type":"cond-expr","locations":[{"start":{"line":227,"column":12},"end":{"line":227,"column":53}},{"start":{"line":228,"column":12},"end":{"line":228,"column":52}}]},"20":{"line":227,"type":"cond-expr","locations":[{"start":{"line":227,"column":12},"end":{"line":228,"column":52}},{"start":{"line":229,"column":12},"end":{"line":229,"column":49}}]},"21":{"line":232,"type":"if","locations":[{"start":{"line":232,"column":8},"end":{"line":232,"column":8}},{"start":{"line":232,"column":8},"end":{"line":232,"column":8}}]},"22":{"line":245,"type":"if","locations":[{"start":{"line":245,"column":15},"end":{"line":245,"column":15}},{"start":{"line":245,"column":15},"end":{"line":245,"column":15}}]},"23":{"line":248,"type":"if","locations":[{"start":{"line":248,"column":8},"end":{"line":248,"column":8}},{"start":{"line":248,"column":8},"end":{"line":248,"column":8}}]},"24":{"line":258,"type":"if","locations":[{"start":{"line":258,"column":40},"end":{"line":258,"column":40}},{"start":{"line":258,"column":40},"end":{"line":258,"column":40}}]},"25":{"line":262,"type":"if","locations":[{"start":{"line":262,"column":63},"end":{"line":262,"column":63}},{"start":{"line":262,"column":63},"end":{"line":262,"column":63}}]},"26":{"line":266,"type":"if","locations":[{"start":{"line":266,"column":45},"end":{"line":266,"column":45}},{"start":{"line":266,"column":45},"end":{"line":266,"column":45}}]},"27":{"line":325,"type":"if","locations":[{"start":{"line":325,"column":8},"end":{"line":325,"column":8}},{"start":{"line":325,"column":8},"end":{"line":325,"column":8}}]},"28":{"line":329,"type":"if","locations":[{"start":{"line":329,"column":8},"end":{"line":329,"column":8}},{"start":{"line":329,"column":8},"end":{"line":329,"column":8}}]},"29":{"line":341,"type":"if","locations":[{"start":{"line":341,"column":15},"end":{"line":341,"column":15}},{"start":{"line":341,"column":15},"end":{"line":341,"column":15}}]},"30":{"line":344,"type":"if","locations":[{"start":{"line":344,"column":8},"end":{"line":344,"column":8}},{"start":{"line":344,"column":8},"end":{"line":344,"column":8}}]},"31":{"line":367,"type":"if","locations":[{"start":{"line":367,"column":8},"end":{"line":367,"column":8}},{"start":{"line":367,"column":8},"end":{"line":367,"column":8}}]},"32":{"line":373,"type":"if","locations":[{"start":{"line":373,"column":46},"end":{"line":373,"column":46}},{"start":{"line":373,"column":46},"end":{"line":373,"column":46}}]},"33":{"line":376,"type":"if","locations":[{"start":{"line":376,"column":12},"end":{"line":376,"column":12}},{"start":{"line":376,"column":12},"end":{"line":376,"column":12}}]},"34":{"line":386,"type":"if","locations":[{"start":{"line":386,"column":8},"end":{"line":386,"column":8}},{"start":{"line":386,"column":8},"end":{"line":386,"column":8}}]},"35":{"line":401,"type":"if","locations":[{"start":{"line":401,"column":8},"end":{"line":401,"column":8}},{"start":{"line":401,"column":8},"end":{"line":401,"column":8}}]},"36":{"line":407,"type":"if","locations":[{"start":{"line":407,"column":8},"end":{"line":407,"column":8}},{"start":{"line":407,"column":8},"end":{"line":407,"column":8}}]}}},"contracts/test/MockV3Aggregator.sol":{"l":{},"path":"/Volumes/extreme/Projects/Solidity/Portfolio/CrowdFunding/source/hardhat/contracts/test/MockV3Aggregator.sol","s":{},"b":{},"f":{},"fnMap":{},"statementMap":{},"branchMap":{}}}