TN:
SF:/Volumes/extreme/Projects/Solidity/Portfolio/CrowdFunding/source/hardhat/contracts/CrowdFund.sol
FN:57,onlyOwner
FN:62,onlyAuthorizedExecutor
FN:68,onlyCampaignOwner
FN:74,onlyOpenCampaign
FN:114,constructor
FN:125,createCampaign
FN:169,donateToCampaign
FN:190,cancelCampaign
FN:206,withdrawCampaign
FN:223,refundCampaign
FN:245,updateCampaign
FN:258,setFee
FN:262,setAuthorizedExecutor
FN:266,withdrawFromContract
FN:270,getDonators
FN:276,getCampaigns
FN:287,getCampaign
FN:291,getFeeAccount
FN:295,getFeePercent
FN:299,getPriceFeed
FN:303,getStatus
FN:309,getBalance
FN:313,getContractBalance
FN:317,getRefundStatus
FN:323,getRemainingTime
FN:341,setCampaignStatus
FN:349,checkUpkeep
FN:361,performUpkeep
FN:365,_isUpdateCampaignStatusNeeded
FN:373,_updateCampaignStatus
FN:383,_refund
FN:399,_payTo
FN:404,_payOut
FNF:33
FNH:24
FNDA:5,onlyOwner
FNDA:5,onlyAuthorizedExecutor
FNDA:26,onlyCampaignOwner
FNDA:27,onlyOpenCampaign
FNDA:126,constructor
FNDA:38,createCampaign
FNDA:19,donateToCampaign
FNDA:6,cancelCampaign
FNDA:5,withdrawCampaign
FNDA:6,refundCampaign
FNDA:5,updateCampaign
FNDA:0,setFee
FNDA:5,setAuthorizedExecutor
FNDA:0,withdrawFromContract
FNDA:0,getDonators
FNDA:0,getCampaigns
FNDA:2,getCampaign
FNDA:1,getFeeAccount
FNDA:1,getFeePercent
FNDA:1,getPriceFeed
FNDA:10,getStatus
FNDA:0,getBalance
FNDA:1,getContractBalance
FNDA:1,getRefundStatus
FNDA:0,getRemainingTime
FNDA:0,setCampaignStatus
FNDA:0,checkUpkeep
FNDA:5,performUpkeep
FNDA:0,_isUpdateCampaignStatusNeeded
FNDA:5,_updateCampaignStatus
FNDA:8,_refund
FNDA:15,_payTo
FNDA:4,_payOut
DA:58,5
DA:59,5
DA:63,5
DA:64,0
DA:65,5
DA:69,26
DA:70,26
DA:71,22
DA:75,27
DA:76,27
DA:77,2
DA:78,25
DA:119,126
DA:120,126
DA:121,126
DA:122,126
DA:133,38
DA:134,38
DA:136,36
DA:138,36
DA:139,36
DA:140,36
DA:141,36
DA:142,36
DA:143,36
DA:144,36
DA:145,36
DA:146,36
DA:147,36
DA:148,36
DA:150,36
DA:152,36
DA:154,36
DA:156,36
DA:164,36
DA:170,19
DA:171,19
DA:173,19
DA:175,19
DA:176,19
DA:177,19
DA:179,19
DA:181,19
DA:182,5
DA:184,14
DA:191,6
DA:193,6
DA:195,6
DA:197,6
DA:198,2
DA:201,6
DA:207,5
DA:209,5
DA:214,4
DA:216,4
DA:218,4
DA:220,4
DA:224,6
DA:226,6
DA:232,6
DA:234,6
DA:236,6
DA:238,6
DA:246,5
DA:248,5
DA:249,2
DA:251,3
DA:252,3
DA:253,3
DA:255,3
DA:259,0
DA:263,5
DA:267,0
DA:273,0
DA:277,0
DA:279,0
DA:280,0
DA:282,0
DA:284,0
DA:288,2
DA:292,1
DA:296,1
DA:300,1
DA:306,10
DA:310,0
DA:314,1
DA:318,1
DA:320,1
DA:324,0
DA:325,0
DA:327,0
DA:329,0
DA:330,0
DA:332,0
DA:334,0
DA:342,0
DA:344,0
DA:346,0
DA:357,0
DA:358,0
DA:362,5
DA:366,0
DA:367,0
DA:368,0
DA:370,0
DA:374,5
DA:375,5
DA:376,5
DA:377,5
DA:378,5
DA:384,8
DA:386,8
DA:392,8
DA:393,7
DA:396,8
DA:400,15
DA:401,15
DA:405,4
DA:407,4
DA:408,0
DA:410,4
DA:411,4
DA:412,4
DA:414,4
DA:415,4
DA:417,4
LF:126
LH:99
BRDA:58,1,0,0
BRDA:58,1,1,5
BRDA:63,2,0,0
BRDA:63,2,1,5
BRDA:70,3,0,4
BRDA:70,3,1,22
BRDA:76,4,0,2
BRDA:76,4,1,25
BRDA:133,5,0,0
BRDA:133,5,1,38
BRDA:134,6,0,2
BRDA:134,6,1,36
BRDA:169,7,0,19
BRDA:169,7,1,2
BRDA:173,8,0,0
BRDA:173,8,1,19
BRDA:181,9,0,5
BRDA:181,9,1,14
BRDA:190,10,0,6
BRDA:190,10,1,2
BRDA:190,11,0,6
BRDA:190,11,1,0
BRDA:193,12,0,0
BRDA:193,12,1,6
BRDA:197,13,0,2
BRDA:197,13,1,4
BRDA:206,14,0,5
BRDA:206,14,1,0
BRDA:209,15,0,1
BRDA:209,15,1,4
BRDA:214,16,0,0
BRDA:214,16,1,4
BRDA:223,17,0,6
BRDA:223,17,1,0
BRDA:226,18,0,0
BRDA:226,18,1,6
BRDA:227,19,0,0
BRDA:227,19,1,0
BRDA:227,20,0,0
BRDA:227,20,1,0
BRDA:232,21,0,0
BRDA:232,21,1,6
BRDA:245,22,0,5
BRDA:245,22,1,2
BRDA:248,23,0,2
BRDA:248,23,1,3
BRDA:258,24,0,0
BRDA:258,24,1,0
BRDA:262,25,0,5
BRDA:262,25,1,0
BRDA:266,26,0,0
BRDA:266,26,1,0
BRDA:325,27,0,0
BRDA:325,27,1,0
BRDA:329,28,0,0
BRDA:329,28,1,0
BRDA:341,29,0,0
BRDA:341,29,1,0
BRDA:344,30,0,0
BRDA:344,30,1,0
BRDA:367,31,0,0
BRDA:367,31,1,0
BRDA:373,32,0,5
BRDA:373,32,1,0
BRDA:376,33,0,5
BRDA:376,33,1,0
BRDA:386,34,0,0
BRDA:386,34,1,8
BRDA:401,35,0,15
BRDA:401,35,1,0
BRDA:407,36,0,0
BRDA:407,36,1,4
BRF:72
BRH:37
end_of_record
TN:
SF:/Volumes/extreme/Projects/Solidity/Portfolio/CrowdFunding/source/hardhat/contracts/test/MockV3Aggregator.sol
FNF:0
FNH:0
LF:0
LH:0
BRF:0
BRH:0
end_of_record
